\BOOKMARK [0][-]{chapter.1}{\376\377\0001\000\040\000M\000S\000D\000S\000c\000r\000i\000p\000t}{}% 1
\BOOKMARK [0][-]{chapter.2}{\376\377\0002\000\040\000H\000i\000e\000r\000a\000r\000c\000h\000i\000c\000a\000l\000\040\000I\000n\000d\000e\000x}{}% 2
\BOOKMARK [1][-]{section.2.1}{\376\377\0002\000.\0001\000\040\000C\000l\000a\000s\000s\000\040\000H\000i\000e\000r\000a\000r\000c\000h\000y}{chapter.2}% 3
\BOOKMARK [0][-]{chapter.3}{\376\377\0003\000\040\000C\000l\000a\000s\000s\000\040\000I\000n\000d\000e\000x}{}% 4
\BOOKMARK [1][-]{section.3.1}{\376\377\0003\000.\0001\000\040\000C\000l\000a\000s\000s\000\040\000L\000i\000s\000t}{chapter.3}% 5
\BOOKMARK [0][-]{chapter.4}{\376\377\0004\000\040\000F\000i\000l\000e\000\040\000I\000n\000d\000e\000x}{}% 6
\BOOKMARK [1][-]{section.4.1}{\376\377\0004\000.\0001\000\040\000F\000i\000l\000e\000\040\000L\000i\000s\000t}{chapter.4}% 7
\BOOKMARK [0][-]{chapter.5}{\376\377\0005\000\040\000C\000l\000a\000s\000s\000\040\000D\000o\000c\000u\000m\000e\000n\000t\000a\000t\000i\000o\000n}{}% 8
\BOOKMARK [1][-]{section.5.1}{\376\377\0005\000.\0001\000\040\000A\000d\000d\000\040\000C\000l\000a\000s\000s\000\040\000R\000e\000f\000e\000r\000e\000n\000c\000e}{chapter.5}% 9
\BOOKMARK [2][-]{subsection.5.1.1}{\376\377\0005\000.\0001\000.\0001\000\040\000M\000e\000m\000b\000e\000r\000\040\000F\000u\000n\000c\000t\000i\000o\000n\000\040\000D\000o\000c\000u\000m\000e\000n\000t\000a\000t\000i\000o\000n}{section.5.1}% 10
\BOOKMARK [3][-]{subsubsection.5.1.1.1}{\376\377\0005\000.\0001\000.\0001\000.\0001\000\040\000e\000q\000u\000a\000l\000s\000\050\000\051}{subsection.5.1.1}% 11
\BOOKMARK [3][-]{subsubsection.5.1.1.2}{\376\377\0005\000.\0001\000.\0001\000.\0002\000\040\000h\000a\000s\000\137\000v\000a\000r\000i\000a\000b\000l\000e\000\050\000\051}{subsection.5.1.1}% 12
\BOOKMARK [3][-]{subsubsection.5.1.1.3}{\376\377\0005\000.\0001\000.\0001\000.\0003\000\040\000i\000n\000t\000e\000r\000p\000\050\000\051}{subsection.5.1.1}% 13
\BOOKMARK [3][-]{subsubsection.5.1.1.4}{\376\377\0005\000.\0001\000.\0001\000.\0004\000\040\000s\000u\000b\000s\000t\000\050\000\051}{subsection.5.1.1}% 14
\BOOKMARK [1][-]{section.5.2}{\376\377\0005\000.\0002\000\040\000E\000x\000p\000r\000\040\000C\000l\000a\000s\000s\000\040\000R\000e\000f\000e\000r\000e\000n\000c\000e}{chapter.5}% 15
\BOOKMARK [2][-]{subsection.5.2.1}{\376\377\0005\000.\0002\000.\0001\000\040\000M\000e\000m\000b\000e\000r\000\040\000F\000u\000n\000c\000t\000i\000o\000n\000\040\000D\000o\000c\000u\000m\000e\000n\000t\000a\000t\000i\000o\000n}{section.5.2}% 16
\BOOKMARK [3][-]{subsubsection.5.2.1.1}{\376\377\0005\000.\0002\000.\0001\000.\0001\000\040\000e\000q\000u\000a\000l\000s\000\050\000\051}{subsection.5.2.1}% 17
\BOOKMARK [3][-]{subsubsection.5.2.1.2}{\376\377\0005\000.\0002\000.\0001\000.\0002\000\040\000h\000a\000s\000\137\000v\000a\000r\000i\000a\000b\000l\000e\000\050\000\051}{subsection.5.2.1}% 18
\BOOKMARK [3][-]{subsubsection.5.2.1.3}{\376\377\0005\000.\0002\000.\0001\000.\0003\000\040\000i\000n\000t\000e\000r\000p\000\050\000\051}{subsection.5.2.1}% 19
\BOOKMARK [3][-]{subsubsection.5.2.1.4}{\376\377\0005\000.\0002\000.\0001\000.\0004\000\040\000s\000u\000b\000s\000t\000\050\000\051}{subsection.5.2.1}% 20
\BOOKMARK [1][-]{section.5.3}{\376\377\0005\000.\0003\000\040\000M\000u\000l\000t\000\040\000C\000l\000a\000s\000s\000\040\000R\000e\000f\000e\000r\000e\000n\000c\000e}{chapter.5}% 21
\BOOKMARK [2][-]{subsection.5.3.1}{\376\377\0005\000.\0003\000.\0001\000\040\000M\000e\000m\000b\000e\000r\000\040\000F\000u\000n\000c\000t\000i\000o\000n\000\040\000D\000o\000c\000u\000m\000e\000n\000t\000a\000t\000i\000o\000n}{section.5.3}% 22
\BOOKMARK [3][-]{subsubsection.5.3.1.1}{\376\377\0005\000.\0003\000.\0001\000.\0001\000\040\000e\000q\000u\000a\000l\000s\000\050\000\051}{subsection.5.3.1}% 23
\BOOKMARK [3][-]{subsubsection.5.3.1.2}{\376\377\0005\000.\0003\000.\0001\000.\0002\000\040\000h\000a\000s\000\137\000v\000a\000r\000i\000a\000b\000l\000e\000\050\000\051}{subsection.5.3.1}% 24
\BOOKMARK [3][-]{subsubsection.5.3.1.3}{\376\377\0005\000.\0003\000.\0001\000.\0003\000\040\000i\000n\000t\000e\000r\000p\000\050\000\051}{subsection.5.3.1}% 25
\BOOKMARK [3][-]{subsubsection.5.3.1.4}{\376\377\0005\000.\0003\000.\0001\000.\0004\000\040\000s\000u\000b\000s\000t\000\050\000\051}{subsection.5.3.1}% 26
\BOOKMARK [1][-]{section.5.4}{\376\377\0005\000.\0004\000\040\000N\000u\000m\000\040\000C\000l\000a\000s\000s\000\040\000R\000e\000f\000e\000r\000e\000n\000c\000e}{chapter.5}% 27
\BOOKMARK [2][-]{subsection.5.4.1}{\376\377\0005\000.\0004\000.\0001\000\040\000M\000e\000m\000b\000e\000r\000\040\000F\000u\000n\000c\000t\000i\000o\000n\000\040\000D\000o\000c\000u\000m\000e\000n\000t\000a\000t\000i\000o\000n}{section.5.4}% 28
\BOOKMARK [3][-]{subsubsection.5.4.1.1}{\376\377\0005\000.\0004\000.\0001\000.\0001\000\040\000e\000q\000u\000a\000l\000s\000\050\000\051}{subsection.5.4.1}% 29
\BOOKMARK [3][-]{subsubsection.5.4.1.2}{\376\377\0005\000.\0004\000.\0001\000.\0002\000\040\000h\000a\000s\000\137\000v\000a\000r\000i\000a\000b\000l\000e\000\050\000\051}{subsection.5.4.1}% 30
\BOOKMARK [3][-]{subsubsection.5.4.1.3}{\376\377\0005\000.\0004\000.\0001\000.\0003\000\040\000i\000n\000t\000e\000r\000p\000\050\000\051}{subsection.5.4.1}% 31
\BOOKMARK [3][-]{subsubsection.5.4.1.4}{\376\377\0005\000.\0004\000.\0001\000.\0004\000\040\000s\000u\000b\000s\000t\000\050\000\051}{subsection.5.4.1}% 32
\BOOKMARK [1][-]{section.5.5}{\376\377\0005\000.\0005\000\040\000V\000a\000r\000\040\000C\000l\000a\000s\000s\000\040\000R\000e\000f\000e\000r\000e\000n\000c\000e}{chapter.5}% 33
\BOOKMARK [2][-]{subsection.5.5.1}{\376\377\0005\000.\0005\000.\0001\000\040\000M\000e\000m\000b\000e\000r\000\040\000F\000u\000n\000c\000t\000i\000o\000n\000\040\000D\000o\000c\000u\000m\000e\000n\000t\000a\000t\000i\000o\000n}{section.5.5}% 34
\BOOKMARK [3][-]{subsubsection.5.5.1.1}{\376\377\0005\000.\0005\000.\0001\000.\0001\000\040\000e\000q\000u\000a\000l\000s\000\050\000\051}{subsection.5.5.1}% 35
\BOOKMARK [3][-]{subsubsection.5.5.1.2}{\376\377\0005\000.\0005\000.\0001\000.\0002\000\040\000h\000a\000s\000\137\000v\000a\000r\000i\000a\000b\000l\000e\000\050\000\051}{subsection.5.5.1}% 36
\BOOKMARK [3][-]{subsubsection.5.5.1.3}{\376\377\0005\000.\0005\000.\0001\000.\0003\000\040\000i\000n\000t\000e\000r\000p\000\050\000\051}{subsection.5.5.1}% 37
\BOOKMARK [3][-]{subsubsection.5.5.1.4}{\376\377\0005\000.\0005\000.\0001\000.\0004\000\040\000s\000u\000b\000s\000t\000\050\000\051}{subsection.5.5.1}% 38
\BOOKMARK [0][-]{chapter.6}{\376\377\0006\000\040\000F\000i\000l\000e\000\040\000D\000o\000c\000u\000m\000e\000n\000t\000a\000t\000i\000o\000n}{}% 39
\BOOKMARK [1][-]{section.6.1}{\376\377\0006\000.\0001\000\040\000/\000U\000s\000e\000r\000s\000/\000j\000i\000n\000n\000y\000/\000M\000S\000D\000/\000m\000y\0006\0000\0001\0005\000R\000e\000p\000o\000/\000c\000m\000d\000l\000i\000n\000e\000.\000c\000p\000p\000\040\000F\000i\000l\000e\000\040\000R\000e\000f\000e\000r\000e\000n\000c\000e}{chapter.6}% 40
\BOOKMARK [2][-]{subsection.6.1.1}{\376\377\0006\000.\0001\000.\0001\000\040\000D\000e\000t\000a\000i\000l\000e\000d\000\040\000D\000e\000s\000c\000r\000i\000p\000t\000i\000o\000n}{section.6.1}% 41
\BOOKMARK [1][-]{section.6.2}{\376\377\0006\000.\0002\000\040\000/\000U\000s\000e\000r\000s\000/\000j\000i\000n\000n\000y\000/\000M\000S\000D\000/\000m\000y\0006\0000\0001\0005\000R\000e\000p\000o\000/\000c\000m\000d\000l\000i\000n\000e\000.\000h\000p\000p}{chapter.6}% 42
\BOOKMARK [1][-]{section.6.3}{\376\377\0006\000.\0003\000\040\000/\000U\000s\000e\000r\000s\000/\000j\000i\000n\000n\000y\000/\000M\000S\000D\000/\000m\000y\0006\0000\0001\0005\000R\000e\000p\000o\000/\000e\000x\000p\000r\000.\000c\000p\000p\000\040\000F\000i\000l\000e\000\040\000R\000e\000f\000e\000r\000e\000n\000c\000e}{chapter.6}% 43
\BOOKMARK [2][-]{subsection.6.3.1}{\376\377\0006\000.\0003\000.\0001\000\040\000D\000e\000t\000a\000i\000l\000e\000d\000\040\000D\000e\000s\000c\000r\000i\000p\000t\000i\000o\000n}{section.6.3}% 44
\BOOKMARK [1][-]{section.6.4}{\376\377\0006\000.\0004\000\040\000/\000U\000s\000e\000r\000s\000/\000j\000i\000n\000n\000y\000/\000M\000S\000D\000/\000m\000y\0006\0000\0001\0005\000R\000e\000p\000o\000/\000e\000x\000p\000r\000.\000h\000p\000p}{chapter.6}% 45
\BOOKMARK [0][-]{section*.17}{\376\377\000I\000n\000d\000e\000x}{}% 46
